  Ambiente.cpp
D:\ComputacionGrafica\Proyecto-Final-LAB-CGEIHC\ProyectoFinal\ProyectoFinal\Ambiente.cpp(399,24): warning C4244: 'inicializando': conversión de 'double' a 'GLfloat'; posible pérdida de datos
D:\ComputacionGrafica\Proyecto-Final-LAB-CGEIHC\ProyectoFinal\ProyectoFinal\Ambiente.cpp(706,25): warning C4244: '=': conversión de 'double' a 'float'; posible pérdida de datos
D:\ComputacionGrafica\Proyecto-Final-LAB-CGEIHC\ProyectoFinal\ProyectoFinal\Ambiente.cpp(369,17): warning C4101: 'image': variable local sin referencia
D:\ComputacionGrafica\Proyecto-Final-LAB-CGEIHC\ProyectoFinal\ProyectoFinal\Ambiente.cpp(834,11): warning C4244: '=': conversión de 'double' a 'GLfloat'; posible pérdida de datos
D:\ComputacionGrafica\Proyecto-Final-LAB-CGEIHC\ProyectoFinal\ProyectoFinal\Ambiente.cpp(835,11): warning C4244: '=': conversión de 'double' a 'GLfloat'; posible pérdida de datos
D:\ComputacionGrafica\Proyecto-Final-LAB-CGEIHC\ProyectoFinal\ProyectoFinal\Ambiente.cpp(839,18): warning C4244: 'inicializando': conversión de 'double' a 'GLfloat'; posible pérdida de datos
D:\ComputacionGrafica\Proyecto-Final-LAB-CGEIHC\ProyectoFinal\ProyectoFinal\Ambiente.cpp(840,18): warning C4244: 'inicializando': conversión de 'double' a 'GLfloat'; posible pérdida de datos
D:\ComputacionGrafica\Proyecto-Final-LAB-CGEIHC\ProyectoFinal\ProyectoFinal\Ambiente.cpp(842,10): warning C4244: '=': conversión de 'double' a 'GLfloat'; posible pérdida de datos
D:\ComputacionGrafica\Proyecto-Final-LAB-CGEIHC\ProyectoFinal\ProyectoFinal\Ambiente.cpp(843,10): warning C4244: '=': conversión de 'double' a 'GLfloat'; posible pérdida de datos
soil2-debug.lib(SOIL2.obj) : warning LNK4075: se omite '/EDITANDCONTINUE' debido a la especificación '/OPT:ICF'
LINK : warning LNK4098: la biblioteca predeterminada'MSVCRTD' entra en conflicto con otras bibliotecas; use la biblioteca /NODEFAULTLIB:biblioteca
  Generando código
  Previous IPDB not found, fall back to full compilation.
  All 689 functions were compiled because no usable IPDB/IOBJ from previous compilation was found.
  Generación de código finalizada
soil2-debug.lib(etc1_utils.obj) : warning LNK4099: no se encontró PDB 'soil2-debug.pdb' con 'soil2-debug.lib(etc1_utils.obj)' o en 'D:\ComputacionGrafica\Proyecto-Final-LAB-CGEIHC\ProyectoFinal\Release\soil2-debug.pdb'; se vinculará el objeto sin tener en cuenta información de depuración
soil2-debug.lib(image_DXT.obj) : warning LNK4099: no se encontró PDB 'soil2-debug.pdb' con 'soil2-debug.lib(image_DXT.obj)' o en 'D:\ComputacionGrafica\Proyecto-Final-LAB-CGEIHC\ProyectoFinal\Release\soil2-debug.pdb'; se vinculará el objeto sin tener en cuenta información de depuración
soil2-debug.lib(image_helper.obj) : warning LNK4099: no se encontró PDB 'soil2-debug.pdb' con 'soil2-debug.lib(image_helper.obj)' o en 'D:\ComputacionGrafica\Proyecto-Final-LAB-CGEIHC\ProyectoFinal\Release\soil2-debug.pdb'; se vinculará el objeto sin tener en cuenta información de depuración
soil2-debug.lib(SOIL2.obj) : warning LNK4099: no se encontró PDB 'soil2-debug.pdb' con 'soil2-debug.lib(SOIL2.obj)' o en 'D:\ComputacionGrafica\Proyecto-Final-LAB-CGEIHC\ProyectoFinal\Release\soil2-debug.pdb'; se vinculará el objeto sin tener en cuenta información de depuración
  ProyectoFinal.vcxproj -> D:\ComputacionGrafica\Proyecto-Final-LAB-CGEIHC\ProyectoFinal\Release\ProyectoFinal.exe
